<?xml version="1.0" encoding="UTF-8"?>
<testng-results skipped="0" failed="0" total="1" passed="1">
  <reporter-output>
  </reporter-output>
  <suite name="Suite" duration-ms="97959" started-at="2021-10-24T14:42:23Z" finished-at="2021-10-24T14:44:01Z">
    <groups>
    </groups>
    <test name="Test" duration-ms="97959" started-at="2021-10-24T14:42:23Z" finished-at="2021-10-24T14:44:01Z">
      <class name="TestSuite.SimformAssignment">
        <test-method status="PASS" signature="Execution()[pri:0, instance:TestSuite.SimformAssignment@3159c4b8]" name="Execution" duration-ms="97880" started-at="2021-10-24T20:12:23Z" finished-at="2021-10-24T20:14:01Z">
          <reporter-output>
          </reporter-output>
        </test-method> <!-- Execution -->
      </class> <!-- TestSuite.SimformAssignment -->
    </test> <!-- Test -->
  </suite> <!-- Suite -->
</testng-results>
