<?xml version="1.0" encoding="UTF-8"?>
<testng-results skipped="0" failed="0" total="1" passed="1">
  <reporter-output>
  </reporter-output>
  <suite name="Default suite" duration-ms="100495" started-at="2021-10-24T13:25:07Z" finished-at="2021-10-24T13:26:48Z">
    <groups>
    </groups>
    <test name="Default test" duration-ms="100495" started-at="2021-10-24T13:25:07Z" finished-at="2021-10-24T13:26:48Z">
      <class name="TestSuite.SimformAssignment">
        <test-method status="PASS" signature="Execution()[pri:0, instance:TestSuite.SimformAssignment@3159c4b8]" name="Execution" duration-ms="100431" started-at="2021-10-24T18:55:08Z" finished-at="2021-10-24T18:56:48Z">
          <reporter-output>
          </reporter-output>
        </test-method> <!-- Execution -->
      </class> <!-- TestSuite.SimformAssignment -->
    </test> <!-- Default test -->
  </suite> <!-- Default suite -->
</testng-results>
